ARM GAS  C:\Users\matij\AppData\Local\Temp\ccbBoM1p.s 			page 1


   1              		.syntax unified
   2              		.cpu cortex-m3
   3              		.fpu softvfp
   4              		.eabi_attribute 20, 1
   5              		.eabi_attribute 21, 1
   6              		.eabi_attribute 23, 3
   7              		.eabi_attribute 24, 1
   8              		.eabi_attribute 25, 1
   9              		.eabi_attribute 26, 1
  10              		.eabi_attribute 30, 1
  11              		.eabi_attribute 34, 1
  12              		.eabi_attribute 18, 4
  13              		.thumb
  14              		.syntax unified
  15              		.file	"BCom_1_base64.c"
  16              		.text
  17              	.Ltext0:
  18              		.cfi_sections	.debug_frame
  19              		.section	.text.b64_int,"ax",%progbits
  20              		.align	2
  21              		.global	b64_int
  22              		.thumb
  23              		.thumb_func
  24              		.type	b64_int, %function
  25              	b64_int:
  26              	.LFB1:
  27              		.file 1 "Generated_Source\\PSoC5\\BCom_1_base64.c"
   1:Generated_Source\PSoC5/BCom_1_base64.c **** /*
   2:Generated_Source\PSoC5/BCom_1_base64.c **** 	base64.c - by Joe DF (joedf@ahkscript.org)
   3:Generated_Source\PSoC5/BCom_1_base64.c **** 	Released under the MIT License
   4:Generated_Source\PSoC5/BCom_1_base64.c **** 	
   5:Generated_Source\PSoC5/BCom_1_base64.c **** 	See "base64.h", for more information.
   6:Generated_Source\PSoC5/BCom_1_base64.c **** 	
   7:Generated_Source\PSoC5/BCom_1_base64.c **** 	Thank you for inspiration:
   8:Generated_Source\PSoC5/BCom_1_base64.c **** 	http://www.codeproject.com/Tips/813146/Fast-base-functions-for-encode-decode
   9:Generated_Source\PSoC5/BCom_1_base64.c **** */
  10:Generated_Source\PSoC5/BCom_1_base64.c **** 
  11:Generated_Source\PSoC5/BCom_1_base64.c **** #include "BCom_1_base64.h"
  12:Generated_Source\PSoC5/BCom_1_base64.c **** 
  13:Generated_Source\PSoC5/BCom_1_base64.c **** //Base64 char table - used internally for encoding
  14:Generated_Source\PSoC5/BCom_1_base64.c **** unsigned char b64_chr[] = "ABCDEFGHIJKLMNOPQRSTUVWXYZabcdefghijklmnopqrstuvwxyz0123456789+/";
  15:Generated_Source\PSoC5/BCom_1_base64.c **** 
  16:Generated_Source\PSoC5/BCom_1_base64.c **** unsigned char b64_int(unsigned char ch) {
  28              		.loc 1 16 0
  29              		.cfi_startproc
  30              		@ args = 0, pretend = 0, frame = 0
  31              		@ frame_needed = 0, uses_anonymous_args = 0
  32              		@ link register save eliminated.
  33              	.LVL0:
  34 0000 0346     		mov	r3, r0
  17:Generated_Source\PSoC5/BCom_1_base64.c **** 
  18:Generated_Source\PSoC5/BCom_1_base64.c **** 	// ASCII to base64_int
  19:Generated_Source\PSoC5/BCom_1_base64.c **** 	// 65-90  Upper Case  >>  0-25
  20:Generated_Source\PSoC5/BCom_1_base64.c **** 	// 97-122 Lower Case  >>  26-51
  21:Generated_Source\PSoC5/BCom_1_base64.c **** 	// 48-57  Numbers     >>  52-61
  22:Generated_Source\PSoC5/BCom_1_base64.c **** 	// 43     Plus (+)    >>  62
  23:Generated_Source\PSoC5/BCom_1_base64.c **** 	// 47     Slash (/)   >>  63
ARM GAS  C:\Users\matij\AppData\Local\Temp\ccbBoM1p.s 			page 2


  24:Generated_Source\PSoC5/BCom_1_base64.c **** 	// 61     Equal (=)   >>  64~
  25:Generated_Source\PSoC5/BCom_1_base64.c **** 	if (ch==43)
  35              		.loc 1 25 0
  36 0002 2B28     		cmp	r0, #43
  37 0004 17D0     		beq	.L4
  26:Generated_Source\PSoC5/BCom_1_base64.c **** 	return 62;
  27:Generated_Source\PSoC5/BCom_1_base64.c **** 	if (ch==47)
  38              		.loc 1 27 0
  39 0006 2F28     		cmp	r0, #47
  40 0008 17D0     		beq	.L5
  28:Generated_Source\PSoC5/BCom_1_base64.c **** 	return 63;
  29:Generated_Source\PSoC5/BCom_1_base64.c **** 	if (ch==61)
  41              		.loc 1 29 0
  42 000a 3D28     		cmp	r0, #61
  43 000c 17D0     		beq	.L6
  30:Generated_Source\PSoC5/BCom_1_base64.c **** 	return 64;
  31:Generated_Source\PSoC5/BCom_1_base64.c **** 	if ((ch>47) && (ch<58))
  44              		.loc 1 31 0
  45 000e A0F13002 		sub	r2, r0, #48
  46 0012 D2B2     		uxtb	r2, r2
  47 0014 092A     		cmp	r2, #9
  48 0016 02D8     		bhi	.L3
  32:Generated_Source\PSoC5/BCom_1_base64.c **** 	return ch + 4;
  49              		.loc 1 32 0
  50 0018 0433     		adds	r3, r3, #4
  51 001a D8B2     		uxtb	r0, r3
  52              	.LVL1:
  53 001c 7047     		bx	lr
  54              	.LVL2:
  55              	.L3:
  33:Generated_Source\PSoC5/BCom_1_base64.c **** 	if ((ch>64) && (ch<91))
  56              		.loc 1 33 0
  57 001e 4138     		subs	r0, r0, #65
  58              	.LVL3:
  59 0020 C0B2     		uxtb	r0, r0
  60 0022 1928     		cmp	r0, #25
  61 0024 0ED9     		bls	.L2
  34:Generated_Source\PSoC5/BCom_1_base64.c **** 	return ch - 'A';
  35:Generated_Source\PSoC5/BCom_1_base64.c **** 	if ((ch>96) && (ch<123))
  62              		.loc 1 35 0
  63 0026 A3F16102 		sub	r2, r3, #97
  64 002a D2B2     		uxtb	r2, r2
  65 002c 192A     		cmp	r2, #25
  66 002e 08D8     		bhi	.L7
  36:Generated_Source\PSoC5/BCom_1_base64.c **** 	return (ch - 'a') + 26;
  67              		.loc 1 36 0
  68 0030 473B     		subs	r3, r3, #71
  69 0032 D8B2     		uxtb	r0, r3
  70 0034 7047     		bx	lr
  71              	.LVL4:
  72              	.L4:
  26:Generated_Source\PSoC5/BCom_1_base64.c **** 	if (ch==47)
  73              		.loc 1 26 0
  74 0036 3E20     		movs	r0, #62
  75              	.LVL5:
  76 0038 7047     		bx	lr
  77              	.LVL6:
ARM GAS  C:\Users\matij\AppData\Local\Temp\ccbBoM1p.s 			page 3


  78              	.L5:
  28:Generated_Source\PSoC5/BCom_1_base64.c **** 	if (ch==61)
  79              		.loc 1 28 0
  80 003a 3F20     		movs	r0, #63
  81              	.LVL7:
  82 003c 7047     		bx	lr
  83              	.LVL8:
  84              	.L6:
  30:Generated_Source\PSoC5/BCom_1_base64.c **** 	if ((ch>47) && (ch<58))
  85              		.loc 1 30 0
  86 003e 4020     		movs	r0, #64
  87              	.LVL9:
  88 0040 7047     		bx	lr
  89              	.L7:
  37:Generated_Source\PSoC5/BCom_1_base64.c **** 	return 0;
  90              		.loc 1 37 0
  91 0042 0020     		movs	r0, #0
  92              	.L2:
  38:Generated_Source\PSoC5/BCom_1_base64.c **** }
  93              		.loc 1 38 0
  94 0044 7047     		bx	lr
  95              		.cfi_endproc
  96              	.LFE1:
  97              		.size	b64_int, .-b64_int
  98 0046 00BF     		.section	.text.b64e_size,"ax",%progbits
  99              		.align	2
 100              		.global	b64e_size
 101              		.thumb
 102              		.thumb_func
 103              		.type	b64e_size, %function
 104              	b64e_size:
 105              	.LFB2:
  39:Generated_Source\PSoC5/BCom_1_base64.c **** 
  40:Generated_Source\PSoC5/BCom_1_base64.c **** unsigned int b64e_size(unsigned int in_size) {
 106              		.loc 1 40 0
 107              		.cfi_startproc
 108              		@ args = 0, pretend = 0, frame = 0
 109              		@ frame_needed = 0, uses_anonymous_args = 0
 110              	.LVL10:
 111 0000 00B5     		push	{lr}
 112              		.cfi_def_cfa_offset 4
 113              		.cfi_offset 14, -4
 114              	.LVL11:
  41:Generated_Source\PSoC5/BCom_1_base64.c **** 
  42:Generated_Source\PSoC5/BCom_1_base64.c **** 	// size equals 4*floor((1/3)*(in_size+2));
  43:Generated_Source\PSoC5/BCom_1_base64.c **** 	int i, j = 0;
 115              		.loc 1 43 0
 116 0002 0021     		movs	r1, #0
  44:Generated_Source\PSoC5/BCom_1_base64.c **** 	for (i=0;i<in_size;i++) {
 117              		.loc 1 44 0
 118 0004 0A46     		mov	r2, r1
 119 0006 0AE0     		b	.L9
 120              	.LVL12:
 121              	.L11:
  45:Generated_Source\PSoC5/BCom_1_base64.c **** 		if (i % 3 == 0)
 122              		.loc 1 45 0
 123 0008 074B     		ldr	r3, .L13
ARM GAS  C:\Users\matij\AppData\Local\Temp\ccbBoM1p.s 			page 4


 124 000a 83FB02E3 		smull	lr, r3, r3, r2
 125 000e A3EBE273 		sub	r3, r3, r2, asr #31
 126 0012 03EB4303 		add	r3, r3, r3, lsl #1
 127 0016 9A42     		cmp	r2, r3
 128 0018 00D1     		bne	.L10
  46:Generated_Source\PSoC5/BCom_1_base64.c **** 		j += 1;
 129              		.loc 1 46 0
 130 001a 0131     		adds	r1, r1, #1
 131              	.LVL13:
 132              	.L10:
  44:Generated_Source\PSoC5/BCom_1_base64.c **** 	for (i=0;i<in_size;i++) {
 133              		.loc 1 44 0 discriminator 2
 134 001c 0132     		adds	r2, r2, #1
 135              	.LVL14:
 136              	.L9:
  44:Generated_Source\PSoC5/BCom_1_base64.c **** 	for (i=0;i<in_size;i++) {
 137              		.loc 1 44 0 is_stmt 0 discriminator 1
 138 001e 8242     		cmp	r2, r0
 139 0020 F2D3     		bcc	.L11
  47:Generated_Source\PSoC5/BCom_1_base64.c **** 	}
  48:Generated_Source\PSoC5/BCom_1_base64.c **** 	return (4*j);
  49:Generated_Source\PSoC5/BCom_1_base64.c **** }
 140              		.loc 1 49 0 is_stmt 1
 141 0022 8800     		lsls	r0, r1, #2
 142              	.LVL15:
 143 0024 5DF804FB 		ldr	pc, [sp], #4
 144              	.L14:
 145              		.align	2
 146              	.L13:
 147 0028 56555555 		.word	1431655766
 148              		.cfi_endproc
 149              	.LFE2:
 150              		.size	b64e_size, .-b64e_size
 151              		.section	.text.b64d_size,"ax",%progbits
 152              		.align	2
 153              		.global	b64d_size
 154              		.thumb
 155              		.thumb_func
 156              		.type	b64d_size, %function
 157              	b64d_size:
 158              	.LFB3:
  50:Generated_Source\PSoC5/BCom_1_base64.c **** 
  51:Generated_Source\PSoC5/BCom_1_base64.c **** unsigned int b64d_size(unsigned int in_size) {
 159              		.loc 1 51 0
 160              		.cfi_startproc
 161              		@ args = 0, pretend = 0, frame = 0
 162              		@ frame_needed = 0, uses_anonymous_args = 0
 163              		@ link register save eliminated.
 164              	.LVL16:
  52:Generated_Source\PSoC5/BCom_1_base64.c **** 
  53:Generated_Source\PSoC5/BCom_1_base64.c **** 	return ((3*in_size)/4);
 165              		.loc 1 53 0
 166 0000 00EB4000 		add	r0, r0, r0, lsl #1
 167              	.LVL17:
  54:Generated_Source\PSoC5/BCom_1_base64.c **** }
 168              		.loc 1 54 0
 169 0004 8008     		lsrs	r0, r0, #2
ARM GAS  C:\Users\matij\AppData\Local\Temp\ccbBoM1p.s 			page 5


 170 0006 7047     		bx	lr
 171              		.cfi_endproc
 172              	.LFE3:
 173              		.size	b64d_size, .-b64d_size
 174              		.section	.text.b64_encode,"ax",%progbits
 175              		.align	2
 176              		.global	b64_encode
 177              		.thumb
 178              		.thumb_func
 179              		.type	b64_encode, %function
 180              	b64_encode:
 181              	.LFB4:
  55:Generated_Source\PSoC5/BCom_1_base64.c **** 
  56:Generated_Source\PSoC5/BCom_1_base64.c **** unsigned int b64_encode(const unsigned char* in, unsigned int in_len, unsigned char* out) {
 182              		.loc 1 56 0
 183              		.cfi_startproc
 184              		@ args = 0, pretend = 0, frame = 8
 185              		@ frame_needed = 0, uses_anonymous_args = 0
 186              	.LVL18:
 187 0000 F0B5     		push	{r4, r5, r6, r7, lr}
 188              		.cfi_def_cfa_offset 20
 189              		.cfi_offset 4, -20
 190              		.cfi_offset 5, -16
 191              		.cfi_offset 6, -12
 192              		.cfi_offset 7, -8
 193              		.cfi_offset 14, -4
 194 0002 83B0     		sub	sp, sp, #12
 195              		.cfi_def_cfa_offset 32
 196 0004 0646     		mov	r6, r0
 197              	.LVL19:
  57:Generated_Source\PSoC5/BCom_1_base64.c **** 
  58:Generated_Source\PSoC5/BCom_1_base64.c **** 	unsigned char i=0, j=0, k=0, s[3];
 198              		.loc 1 58 0
 199 0006 0020     		movs	r0, #0
 200              	.LVL20:
 201 0008 0446     		mov	r4, r0
  59:Generated_Source\PSoC5/BCom_1_base64.c **** 	
  60:Generated_Source\PSoC5/BCom_1_base64.c **** 	for (i=0;i<in_len;i++) {
 202              		.loc 1 60 0
 203 000a 0346     		mov	r3, r0
 204 000c 32E0     		b	.L17
 205              	.LVL21:
 206              	.L19:
  61:Generated_Source\PSoC5/BCom_1_base64.c **** 		s[j++]=*(in+i);
 207              		.loc 1 61 0
 208 000e 651C     		adds	r5, r4, #1
 209 0010 EDB2     		uxtb	r5, r5
 210              	.LVL22:
 211 0012 F75C     		ldrb	r7, [r6, r3]	@ zero_extendqisi2
 212 0014 0DF1080E 		add	lr, sp, #8
 213 0018 7444     		add	r4, r4, lr
 214 001a 04F8047C 		strb	r7, [r4, #-4]
  62:Generated_Source\PSoC5/BCom_1_base64.c **** 		if (j==3) {
 215              		.loc 1 62 0
 216 001e 032D     		cmp	r5, #3
 217 0020 25D1     		bne	.L18
  63:Generated_Source\PSoC5/BCom_1_base64.c **** 			out[k+0] = b64_chr[ (s[0]&255)>>2 ];
ARM GAS  C:\Users\matij\AppData\Local\Temp\ccbBoM1p.s 			page 6


 218              		.loc 1 63 0
 219 0022 9DF80440 		ldrb	r4, [sp, #4]	@ zero_extendqisi2
 220 0026 A508     		lsrs	r5, r4, #2
 221              	.LVL23:
 222 0028 2A4F     		ldr	r7, .L25
 223 002a 7D5D     		ldrb	r5, [r7, r5]	@ zero_extendqisi2
 224 002c 1554     		strb	r5, [r2, r0]
  64:Generated_Source\PSoC5/BCom_1_base64.c **** 			out[k+1] = b64_chr[ ((s[0]&0x03)<<4)+((s[1]&0xF0)>>4) ];
 225              		.loc 1 64 0
 226 002e 00F1010E 		add	lr, r0, #1
 227 0032 2501     		lsls	r5, r4, #4
 228 0034 05F03005 		and	r5, r5, #48
 229 0038 9DF80540 		ldrb	r4, [sp, #5]	@ zero_extendqisi2
 230 003c 05EB1415 		add	r5, r5, r4, lsr #4
 231 0040 7D5D     		ldrb	r5, [r7, r5]	@ zero_extendqisi2
 232 0042 02F80E50 		strb	r5, [r2, lr]
  65:Generated_Source\PSoC5/BCom_1_base64.c **** 			out[k+2] = b64_chr[ ((s[1]&0x0F)<<2)+((s[2]&0xC0)>>6) ];
 233              		.loc 1 65 0
 234 0046 00F1020E 		add	lr, r0, #2
 235 004a A400     		lsls	r4, r4, #2
 236 004c 04F03C04 		and	r4, r4, #60
 237 0050 9DF80650 		ldrb	r5, [sp, #6]	@ zero_extendqisi2
 238 0054 04EB9514 		add	r4, r4, r5, lsr #6
 239 0058 3C5D     		ldrb	r4, [r7, r4]	@ zero_extendqisi2
 240 005a 02F80E40 		strb	r4, [r2, lr]
  66:Generated_Source\PSoC5/BCom_1_base64.c **** 			out[k+3] = b64_chr[ s[2]&0x3F ];
 241              		.loc 1 66 0
 242 005e C41C     		adds	r4, r0, #3
 243 0060 05F03F05 		and	r5, r5, #63
 244 0064 7D5D     		ldrb	r5, [r7, r5]	@ zero_extendqisi2
 245 0066 1555     		strb	r5, [r2, r4]
 246              	.LVL24:
  67:Generated_Source\PSoC5/BCom_1_base64.c **** 			j=0; k+=4;
 247              		.loc 1 67 0
 248 0068 0430     		adds	r0, r0, #4
 249              	.LVL25:
 250 006a C0B2     		uxtb	r0, r0
 251              	.LVL26:
 252 006c 0025     		movs	r5, #0
 253              	.LVL27:
 254              	.L18:
  60:Generated_Source\PSoC5/BCom_1_base64.c **** 		s[j++]=*(in+i);
 255              		.loc 1 60 0 discriminator 2
 256 006e 0133     		adds	r3, r3, #1
 257              	.LVL28:
 258 0070 DBB2     		uxtb	r3, r3
 259              	.LVL29:
 260 0072 2C46     		mov	r4, r5
 261              	.LVL30:
 262              	.L17:
  60:Generated_Source\PSoC5/BCom_1_base64.c **** 		s[j++]=*(in+i);
 263              		.loc 1 60 0 is_stmt 0 discriminator 1
 264 0074 8B42     		cmp	r3, r1
 265 0076 CAD3     		bcc	.L19
  68:Generated_Source\PSoC5/BCom_1_base64.c **** 		}
  69:Generated_Source\PSoC5/BCom_1_base64.c **** 	}
  70:Generated_Source\PSoC5/BCom_1_base64.c **** 	
ARM GAS  C:\Users\matij\AppData\Local\Temp\ccbBoM1p.s 			page 7


  71:Generated_Source\PSoC5/BCom_1_base64.c **** 	if (j) {
 266              		.loc 1 71 0 is_stmt 1
 267 0078 3CB3     		cbz	r4, .L20
  72:Generated_Source\PSoC5/BCom_1_base64.c **** 		if (j==1)
 268              		.loc 1 72 0
 269 007a 012C     		cmp	r4, #1
 270 007c 02D1     		bne	.L21
  73:Generated_Source\PSoC5/BCom_1_base64.c **** 			s[1] = 0;
 271              		.loc 1 73 0
 272 007e 0023     		movs	r3, #0
 273              	.LVL31:
 274 0080 8DF80530 		strb	r3, [sp, #5]
 275              	.L21:
  74:Generated_Source\PSoC5/BCom_1_base64.c **** 		out[k+0] = b64_chr[ (s[0]&255)>>2 ];
 276              		.loc 1 74 0
 277 0084 0146     		mov	r1, r0
 278              	.LVL32:
 279 0086 9DF80430 		ldrb	r3, [sp, #4]	@ zero_extendqisi2
 280 008a 9D08     		lsrs	r5, r3, #2
 281 008c 114F     		ldr	r7, .L25
 282 008e 7D5D     		ldrb	r5, [r7, r5]	@ zero_extendqisi2
 283 0090 1554     		strb	r5, [r2, r0]
  75:Generated_Source\PSoC5/BCom_1_base64.c **** 		out[k+1] = b64_chr[ ((s[0]&0x03)<<4)+((s[1]&0xF0)>>4) ];
 284              		.loc 1 75 0
 285 0092 451C     		adds	r5, r0, #1
 286 0094 1B01     		lsls	r3, r3, #4
 287 0096 03F03003 		and	r3, r3, #48
 288 009a 9DF80560 		ldrb	r6, [sp, #5]	@ zero_extendqisi2
 289              	.LVL33:
 290 009e 03EB1613 		add	r3, r3, r6, lsr #4
 291 00a2 FF5C     		ldrb	r7, [r7, r3]	@ zero_extendqisi2
 292 00a4 5755     		strb	r7, [r2, r5]
  76:Generated_Source\PSoC5/BCom_1_base64.c **** 		if (j==2)
 293              		.loc 1 76 0
 294 00a6 022C     		cmp	r4, #2
 295 00a8 07D1     		bne	.L22
  77:Generated_Source\PSoC5/BCom_1_base64.c **** 			out[k+2] = b64_chr[ ((s[1]&0x0F)<<2) ];
 296              		.loc 1 77 0
 297 00aa 841C     		adds	r4, r0, #2
 298              	.LVL34:
 299 00ac B300     		lsls	r3, r6, #2
 300 00ae 03F03C03 		and	r3, r3, #60
 301 00b2 084D     		ldr	r5, .L25
 302 00b4 ED5C     		ldrb	r5, [r5, r3]	@ zero_extendqisi2
 303 00b6 1555     		strb	r5, [r2, r4]
 304 00b8 02E0     		b	.L23
 305              	.LVL35:
 306              	.L22:
  78:Generated_Source\PSoC5/BCom_1_base64.c **** 		else
  79:Generated_Source\PSoC5/BCom_1_base64.c **** 			out[k+2] = '=';
 307              		.loc 1 79 0
 308 00ba 831C     		adds	r3, r0, #2
 309 00bc 3D24     		movs	r4, #61
 310              	.LVL36:
 311 00be D454     		strb	r4, [r2, r3]
 312              	.L23:
  80:Generated_Source\PSoC5/BCom_1_base64.c **** 		out[k+3] = '=';
ARM GAS  C:\Users\matij\AppData\Local\Temp\ccbBoM1p.s 			page 8


 313              		.loc 1 80 0
 314 00c0 CB1C     		adds	r3, r1, #3
 315 00c2 3D21     		movs	r1, #61
 316 00c4 D154     		strb	r1, [r2, r3]
  81:Generated_Source\PSoC5/BCom_1_base64.c **** 		k+=4;
 317              		.loc 1 81 0
 318 00c6 0430     		adds	r0, r0, #4
 319              	.LVL37:
 320 00c8 C0B2     		uxtb	r0, r0
 321              	.LVL38:
 322              	.L20:
  82:Generated_Source\PSoC5/BCom_1_base64.c **** 	}
  83:Generated_Source\PSoC5/BCom_1_base64.c **** 
  84:Generated_Source\PSoC5/BCom_1_base64.c **** 	out[k] = '\0';
 323              		.loc 1 84 0
 324 00ca 0023     		movs	r3, #0
 325 00cc 1354     		strb	r3, [r2, r0]
  85:Generated_Source\PSoC5/BCom_1_base64.c **** 	
  86:Generated_Source\PSoC5/BCom_1_base64.c **** 	return k;
  87:Generated_Source\PSoC5/BCom_1_base64.c **** }
 326              		.loc 1 87 0
 327 00ce 03B0     		add	sp, sp, #12
 328              		.cfi_def_cfa_offset 20
 329              		@ sp needed
 330 00d0 F0BD     		pop	{r4, r5, r6, r7, pc}
 331              	.L26:
 332 00d2 00BF     		.align	2
 333              	.L25:
 334 00d4 00000000 		.word	.LANCHOR0
 335              		.cfi_endproc
 336              	.LFE4:
 337              		.size	b64_encode, .-b64_encode
 338              		.section	.text.b64_decode,"ax",%progbits
 339              		.align	2
 340              		.global	b64_decode
 341              		.thumb
 342              		.thumb_func
 343              		.type	b64_decode, %function
 344              	b64_decode:
 345              	.LFB5:
  88:Generated_Source\PSoC5/BCom_1_base64.c **** 
  89:Generated_Source\PSoC5/BCom_1_base64.c **** unsigned int b64_decode(const unsigned char* in, unsigned int in_len, unsigned char* out) {
 346              		.loc 1 89 0
 347              		.cfi_startproc
 348              		@ args = 0, pretend = 0, frame = 8
 349              		@ frame_needed = 0, uses_anonymous_args = 0
 350              	.LVL39:
 351 0000 2DE9F047 		push	{r4, r5, r6, r7, r8, r9, r10, lr}
 352              		.cfi_def_cfa_offset 32
 353              		.cfi_offset 4, -32
 354              		.cfi_offset 5, -28
 355              		.cfi_offset 6, -24
 356              		.cfi_offset 7, -20
 357              		.cfi_offset 8, -16
 358              		.cfi_offset 9, -12
 359              		.cfi_offset 10, -8
 360              		.cfi_offset 14, -4
ARM GAS  C:\Users\matij\AppData\Local\Temp\ccbBoM1p.s 			page 9


 361 0004 82B0     		sub	sp, sp, #8
 362              		.cfi_def_cfa_offset 40
 363 0006 8146     		mov	r9, r0
 364 0008 8846     		mov	r8, r1
 365 000a 9246     		mov	r10, r2
 366              	.LVL40:
  90:Generated_Source\PSoC5/BCom_1_base64.c **** 
  91:Generated_Source\PSoC5/BCom_1_base64.c **** 	unsigned char i=0, j=0, k=0, s[4];
 367              		.loc 1 91 0
 368 000c 0027     		movs	r7, #0
 369 000e 3E46     		mov	r6, r7
  92:Generated_Source\PSoC5/BCom_1_base64.c **** 	
  93:Generated_Source\PSoC5/BCom_1_base64.c **** 	for (i=0;i<in_len;i++) {
 370              		.loc 1 93 0
 371 0010 3C46     		mov	r4, r7
 372 0012 38E0     		b	.L28
 373              	.LVL41:
 374              	.L32:
  94:Generated_Source\PSoC5/BCom_1_base64.c **** 		s[j++]=b64_int(*(in+i));
 375              		.loc 1 94 0
 376 0014 751C     		adds	r5, r6, #1
 377 0016 EDB2     		uxtb	r5, r5
 378              	.LVL42:
 379 0018 19F80400 		ldrb	r0, [r9, r4]	@ zero_extendqisi2
 380 001c FFF7FEFF 		bl	b64_int
 381              	.LVL43:
 382 0020 02AB     		add	r3, sp, #8
 383 0022 1E44     		add	r6, r6, r3
 384 0024 06F8040C 		strb	r0, [r6, #-4]
  95:Generated_Source\PSoC5/BCom_1_base64.c **** 		if (j==4) {
 385              		.loc 1 95 0
 386 0028 042D     		cmp	r5, #4
 387 002a 29D1     		bne	.L29
  96:Generated_Source\PSoC5/BCom_1_base64.c **** 			out[k+0] = ((s[0]&255)<<2)+((s[1]&0x30)>>4);
 388              		.loc 1 96 0
 389 002c 3846     		mov	r0, r7
 390 002e 9DF80420 		ldrb	r2, [sp, #4]	@ zero_extendqisi2
 391 0032 9DF80550 		ldrb	r5, [sp, #5]	@ zero_extendqisi2
 392              	.LVL44:
 393 0036 C5F30113 		ubfx	r3, r5, #4, #2
 394 003a 03EB8203 		add	r3, r3, r2, lsl #2
 395 003e 0AF80730 		strb	r3, [r10, r7]
  97:Generated_Source\PSoC5/BCom_1_base64.c **** 			if (s[2]!=64) {
 396              		.loc 1 97 0
 397 0042 9DF80630 		ldrb	r3, [sp, #6]	@ zero_extendqisi2
 398 0046 402B     		cmp	r3, #64
 399 0048 17D0     		beq	.L30
  98:Generated_Source\PSoC5/BCom_1_base64.c **** 				out[k+1] = ((s[1]&0x0F)<<4)+((s[2]&0x3C)>>2);
 400              		.loc 1 98 0
 401 004a 7A1C     		adds	r2, r7, #1
 402 004c C3F38301 		ubfx	r1, r3, #2, #4
 403 0050 01EB0511 		add	r1, r1, r5, lsl #4
 404 0054 0AF80210 		strb	r1, [r10, r2]
  99:Generated_Source\PSoC5/BCom_1_base64.c **** 				if ((s[3]!=64)) {
 405              		.loc 1 99 0
 406 0058 9DF80720 		ldrb	r2, [sp, #7]	@ zero_extendqisi2
 407 005c 402A     		cmp	r2, #64
ARM GAS  C:\Users\matij\AppData\Local\Temp\ccbBoM1p.s 			page 10


 408 005e 08D0     		beq	.L31
 100:Generated_Source\PSoC5/BCom_1_base64.c **** 					out[k+2] = ((s[2]&0x03)<<6)+(s[3]); k+=3;
 409              		.loc 1 100 0
 410 0060 0230     		adds	r0, r0, #2
 411 0062 02EB8313 		add	r3, r2, r3, lsl #6
 412 0066 0AF80030 		strb	r3, [r10, r0]
 413 006a 0337     		adds	r7, r7, #3
 414              	.LVL45:
 415 006c FFB2     		uxtb	r7, r7
 416              	.LVL46:
 101:Generated_Source\PSoC5/BCom_1_base64.c **** 				} else {
 102:Generated_Source\PSoC5/BCom_1_base64.c **** 					k+=2;
 103:Generated_Source\PSoC5/BCom_1_base64.c **** 				}
 104:Generated_Source\PSoC5/BCom_1_base64.c **** 			} else {
 105:Generated_Source\PSoC5/BCom_1_base64.c **** 				k+=1;
 106:Generated_Source\PSoC5/BCom_1_base64.c **** 			}
 107:Generated_Source\PSoC5/BCom_1_base64.c **** 			j=0;
 417              		.loc 1 107 0
 418 006e 0025     		movs	r5, #0
 419 0070 06E0     		b	.L29
 420              	.L31:
 102:Generated_Source\PSoC5/BCom_1_base64.c **** 				}
 421              		.loc 1 102 0
 422 0072 0237     		adds	r7, r7, #2
 423              	.LVL47:
 424 0074 FFB2     		uxtb	r7, r7
 425              	.LVL48:
 426              		.loc 1 107 0
 427 0076 0025     		movs	r5, #0
 428 0078 02E0     		b	.L29
 429              	.L30:
 105:Generated_Source\PSoC5/BCom_1_base64.c **** 			}
 430              		.loc 1 105 0
 431 007a 0137     		adds	r7, r7, #1
 432              	.LVL49:
 433 007c FFB2     		uxtb	r7, r7
 434              	.LVL50:
 435              		.loc 1 107 0
 436 007e 0025     		movs	r5, #0
 437              	.L29:
 438              	.LVL51:
  93:Generated_Source\PSoC5/BCom_1_base64.c **** 		s[j++]=b64_int(*(in+i));
 439              		.loc 1 93 0 discriminator 2
 440 0080 0134     		adds	r4, r4, #1
 441              	.LVL52:
 442 0082 E4B2     		uxtb	r4, r4
 443              	.LVL53:
 444 0084 2E46     		mov	r6, r5
 445              	.LVL54:
 446              	.L28:
  93:Generated_Source\PSoC5/BCom_1_base64.c **** 		s[j++]=b64_int(*(in+i));
 447              		.loc 1 93 0 is_stmt 0 discriminator 1
 448 0086 4445     		cmp	r4, r8
 449 0088 C4D3     		bcc	.L32
 108:Generated_Source\PSoC5/BCom_1_base64.c **** 		}
 109:Generated_Source\PSoC5/BCom_1_base64.c **** 	}
 110:Generated_Source\PSoC5/BCom_1_base64.c **** 	
ARM GAS  C:\Users\matij\AppData\Local\Temp\ccbBoM1p.s 			page 11


 111:Generated_Source\PSoC5/BCom_1_base64.c **** 	return k;
 112:Generated_Source\PSoC5/BCom_1_base64.c **** }
 450              		.loc 1 112 0 is_stmt 1
 451 008a 3846     		mov	r0, r7
 452 008c 02B0     		add	sp, sp, #8
 453              		.cfi_def_cfa_offset 32
 454              		@ sp needed
 455 008e BDE8F087 		pop	{r4, r5, r6, r7, r8, r9, r10, pc}
 456              		.cfi_endproc
 457              	.LFE5:
 458              		.size	b64_decode, .-b64_decode
 459              		.global	b64_chr
 460 0092 00BF     		.data
 461              		.align	2
 462              		.set	.LANCHOR0,. + 0
 463              		.type	b64_chr, %object
 464              		.size	b64_chr, 65
 465              	b64_chr:
 466 0000 41424344 		.ascii	"ABCDEFGHIJKLMNOPQRSTUVWXYZabcdefghijklmnopqrstuvwxy"
 466      45464748 
 466      494A4B4C 
 466      4D4E4F50 
 466      51525354 
 467 0033 7A303132 		.ascii	"z0123456789+/\000"
 467      33343536 
 467      3738392B 
 467      2F00
 468              		.text
 469              	.Letext0:
 470              		.section	.debug_info,"",%progbits
 471              	.Ldebug_info0:
 472 0000 5C020000 		.4byte	0x25c
 473 0004 0400     		.2byte	0x4
 474 0006 00000000 		.4byte	.Ldebug_abbrev0
 475 000a 04       		.byte	0x4
 476 000b 01       		.uleb128 0x1
 477 000c 7F000000 		.4byte	.LASF19
 478 0010 0C       		.byte	0xc
 479 0011 41010000 		.4byte	.LASF20
 480 0015 00000000 		.4byte	.LASF21
 481 0019 00000000 		.4byte	.Ldebug_ranges0+0
 482 001d 00000000 		.4byte	0
 483 0021 00000000 		.4byte	.Ldebug_line0
 484 0025 02       		.uleb128 0x2
 485 0026 01       		.byte	0x1
 486 0027 06       		.byte	0x6
 487 0028 E4010000 		.4byte	.LASF0
 488 002c 02       		.uleb128 0x2
 489 002d 01       		.byte	0x1
 490 002e 08       		.byte	0x8
 491 002f 71000000 		.4byte	.LASF1
 492 0033 02       		.uleb128 0x2
 493 0034 02       		.byte	0x2
 494 0035 05       		.byte	0x5
 495 0036 B3010000 		.4byte	.LASF2
 496 003a 02       		.uleb128 0x2
 497 003b 02       		.byte	0x2
ARM GAS  C:\Users\matij\AppData\Local\Temp\ccbBoM1p.s 			page 12


 498 003c 07       		.byte	0x7
 499 003d 2E010000 		.4byte	.LASF3
 500 0041 02       		.uleb128 0x2
 501 0042 04       		.byte	0x4
 502 0043 05       		.byte	0x5
 503 0044 C7010000 		.4byte	.LASF4
 504 0048 02       		.uleb128 0x2
 505 0049 04       		.byte	0x4
 506 004a 07       		.byte	0x7
 507 004b 15010000 		.4byte	.LASF5
 508 004f 02       		.uleb128 0x2
 509 0050 08       		.byte	0x8
 510 0051 05       		.byte	0x5
 511 0052 A0010000 		.4byte	.LASF6
 512 0056 02       		.uleb128 0x2
 513 0057 08       		.byte	0x8
 514 0058 07       		.byte	0x7
 515 0059 75010000 		.4byte	.LASF7
 516 005d 03       		.uleb128 0x3
 517 005e 04       		.byte	0x4
 518 005f 05       		.byte	0x5
 519 0060 696E7400 		.ascii	"int\000"
 520 0064 02       		.uleb128 0x2
 521 0065 04       		.byte	0x4
 522 0066 07       		.byte	0x7
 523 0067 68010000 		.4byte	.LASF8
 524 006b 02       		.uleb128 0x2
 525 006c 08       		.byte	0x8
 526 006d 04       		.byte	0x4
 527 006e D8010000 		.4byte	.LASF9
 528 0072 04       		.uleb128 0x4
 529 0073 2C000000 		.4byte	0x2c
 530 0077 82000000 		.4byte	0x82
 531 007b 05       		.uleb128 0x5
 532 007c 82000000 		.4byte	0x82
 533 0080 03       		.byte	0x3
 534 0081 00       		.byte	0
 535 0082 02       		.uleb128 0x2
 536 0083 04       		.byte	0x4
 537 0084 07       		.byte	0x7
 538 0085 8C010000 		.4byte	.LASF10
 539 0089 06       		.uleb128 0x6
 540 008a 04       		.byte	0x4
 541 008b 2C000000 		.4byte	0x2c
 542 008f 02       		.uleb128 0x2
 543 0090 01       		.byte	0x1
 544 0091 08       		.byte	0x8
 545 0092 AE010000 		.4byte	.LASF11
 546 0096 04       		.uleb128 0x4
 547 0097 2C000000 		.4byte	0x2c
 548 009b A6000000 		.4byte	0xa6
 549 009f 05       		.uleb128 0x5
 550 00a0 82000000 		.4byte	0x82
 551 00a4 02       		.byte	0x2
 552 00a5 00       		.byte	0
 553 00a6 07       		.uleb128 0x7
 554 00a7 5F000000 		.4byte	.LASF12
ARM GAS  C:\Users\matij\AppData\Local\Temp\ccbBoM1p.s 			page 13


 555 00ab 01       		.byte	0x1
 556 00ac 10       		.byte	0x10
 557 00ad 2C000000 		.4byte	0x2c
 558 00b1 00000000 		.4byte	.LFB1
 559 00b5 46000000 		.4byte	.LFE1-.LFB1
 560 00b9 01       		.uleb128 0x1
 561 00ba 9C       		.byte	0x9c
 562 00bb CE000000 		.4byte	0xce
 563 00bf 08       		.uleb128 0x8
 564 00c0 636800   		.ascii	"ch\000"
 565 00c3 01       		.byte	0x1
 566 00c4 10       		.byte	0x10
 567 00c5 2C000000 		.4byte	0x2c
 568 00c9 00000000 		.4byte	.LLST0
 569 00cd 00       		.byte	0
 570 00ce 07       		.uleb128 0x7
 571 00cf 67000000 		.4byte	.LASF13
 572 00d3 01       		.byte	0x1
 573 00d4 28       		.byte	0x28
 574 00d5 64000000 		.4byte	0x64
 575 00d9 00000000 		.4byte	.LFB2
 576 00dd 2C000000 		.4byte	.LFE2-.LFB2
 577 00e1 01       		.uleb128 0x1
 578 00e2 9C       		.byte	0x9c
 579 00e3 11010000 		.4byte	0x111
 580 00e7 09       		.uleb128 0x9
 581 00e8 0D010000 		.4byte	.LASF14
 582 00ec 01       		.byte	0x1
 583 00ed 28       		.byte	0x28
 584 00ee 64000000 		.4byte	0x64
 585 00f2 85000000 		.4byte	.LLST1
 586 00f6 0A       		.uleb128 0xa
 587 00f7 6900     		.ascii	"i\000"
 588 00f9 01       		.byte	0x1
 589 00fa 2B       		.byte	0x2b
 590 00fb 5D000000 		.4byte	0x5d
 591 00ff A6000000 		.4byte	.LLST2
 592 0103 0A       		.uleb128 0xa
 593 0104 6A00     		.ascii	"j\000"
 594 0106 01       		.byte	0x1
 595 0107 2B       		.byte	0x2b
 596 0108 5D000000 		.4byte	0x5d
 597 010c C5000000 		.4byte	.LLST3
 598 0110 00       		.byte	0
 599 0111 07       		.uleb128 0x7
 600 0112 BD010000 		.4byte	.LASF15
 601 0116 01       		.byte	0x1
 602 0117 33       		.byte	0x33
 603 0118 64000000 		.4byte	0x64
 604 011c 00000000 		.4byte	.LFB3
 605 0120 08000000 		.4byte	.LFE3-.LFB3
 606 0124 01       		.uleb128 0x1
 607 0125 9C       		.byte	0x9c
 608 0126 3A010000 		.4byte	0x13a
 609 012a 09       		.uleb128 0x9
 610 012b 0D010000 		.4byte	.LASF14
 611 012f 01       		.byte	0x1
ARM GAS  C:\Users\matij\AppData\Local\Temp\ccbBoM1p.s 			page 14


 612 0130 33       		.byte	0x33
 613 0131 64000000 		.4byte	0x64
 614 0135 E4000000 		.4byte	.LLST4
 615 0139 00       		.byte	0
 616 013a 07       		.uleb128 0x7
 617 013b 54000000 		.4byte	.LASF16
 618 013f 01       		.byte	0x1
 619 0140 38       		.byte	0x38
 620 0141 64000000 		.4byte	0x64
 621 0145 00000000 		.4byte	.LFB4
 622 0149 D8000000 		.4byte	.LFE4-.LFB4
 623 014d 01       		.uleb128 0x1
 624 014e 9C       		.byte	0x9c
 625 014f B1010000 		.4byte	0x1b1
 626 0153 08       		.uleb128 0x8
 627 0154 696E00   		.ascii	"in\000"
 628 0157 01       		.byte	0x1
 629 0158 38       		.byte	0x38
 630 0159 B1010000 		.4byte	0x1b1
 631 015d 05010000 		.4byte	.LLST5
 632 0161 09       		.uleb128 0x9
 633 0162 27010000 		.4byte	.LASF17
 634 0166 01       		.byte	0x1
 635 0167 38       		.byte	0x38
 636 0168 64000000 		.4byte	0x64
 637 016c 31010000 		.4byte	.LLST6
 638 0170 0B       		.uleb128 0xb
 639 0171 6F757400 		.ascii	"out\000"
 640 0175 01       		.byte	0x1
 641 0176 38       		.byte	0x38
 642 0177 89000000 		.4byte	0x89
 643 017b 01       		.uleb128 0x1
 644 017c 52       		.byte	0x52
 645 017d 0A       		.uleb128 0xa
 646 017e 6900     		.ascii	"i\000"
 647 0180 01       		.byte	0x1
 648 0181 3A       		.byte	0x3a
 649 0182 2C000000 		.4byte	0x2c
 650 0186 52010000 		.4byte	.LLST7
 651 018a 0A       		.uleb128 0xa
 652 018b 6A00     		.ascii	"j\000"
 653 018d 01       		.byte	0x1
 654 018e 3A       		.byte	0x3a
 655 018f 2C000000 		.4byte	0x2c
 656 0193 7C010000 		.4byte	.LLST8
 657 0197 0A       		.uleb128 0xa
 658 0198 6B00     		.ascii	"k\000"
 659 019a 01       		.byte	0x1
 660 019b 3A       		.byte	0x3a
 661 019c 2C000000 		.4byte	0x2c
 662 01a0 D3010000 		.4byte	.LLST9
 663 01a4 0C       		.uleb128 0xc
 664 01a5 7300     		.ascii	"s\000"
 665 01a7 01       		.byte	0x1
 666 01a8 3A       		.byte	0x3a
 667 01a9 96000000 		.4byte	0x96
 668 01ad 02       		.uleb128 0x2
ARM GAS  C:\Users\matij\AppData\Local\Temp\ccbBoM1p.s 			page 15


 669 01ae 91       		.byte	0x91
 670 01af 64       		.sleb128 -28
 671 01b0 00       		.byte	0
 672 01b1 06       		.uleb128 0x6
 673 01b2 04       		.byte	0x4
 674 01b3 B7010000 		.4byte	0x1b7
 675 01b7 0D       		.uleb128 0xd
 676 01b8 2C000000 		.4byte	0x2c
 677 01bc 07       		.uleb128 0x7
 678 01bd 95010000 		.4byte	.LASF18
 679 01c1 01       		.byte	0x1
 680 01c2 59       		.byte	0x59
 681 01c3 64000000 		.4byte	0x64
 682 01c7 00000000 		.4byte	.LFB5
 683 01cb 92000000 		.4byte	.LFE5-.LFB5
 684 01cf 01       		.uleb128 0x1
 685 01d0 9C       		.byte	0x9c
 686 01d1 3E020000 		.4byte	0x23e
 687 01d5 08       		.uleb128 0x8
 688 01d6 696E00   		.ascii	"in\000"
 689 01d9 01       		.byte	0x1
 690 01da 59       		.byte	0x59
 691 01db B1010000 		.4byte	0x1b1
 692 01df 08020000 		.4byte	.LLST10
 693 01e3 09       		.uleb128 0x9
 694 01e4 27010000 		.4byte	.LASF17
 695 01e8 01       		.byte	0x1
 696 01e9 59       		.byte	0x59
 697 01ea 64000000 		.4byte	0x64
 698 01ee 26020000 		.4byte	.LLST11
 699 01f2 08       		.uleb128 0x8
 700 01f3 6F757400 		.ascii	"out\000"
 701 01f7 01       		.byte	0x1
 702 01f8 59       		.byte	0x59
 703 01f9 89000000 		.4byte	0x89
 704 01fd 44020000 		.4byte	.LLST12
 705 0201 0A       		.uleb128 0xa
 706 0202 6900     		.ascii	"i\000"
 707 0204 01       		.byte	0x1
 708 0205 5B       		.byte	0x5b
 709 0206 2C000000 		.4byte	0x2c
 710 020a 62020000 		.4byte	.LLST13
 711 020e 0A       		.uleb128 0xa
 712 020f 6A00     		.ascii	"j\000"
 713 0211 01       		.byte	0x1
 714 0212 5B       		.byte	0x5b
 715 0213 2C000000 		.4byte	0x2c
 716 0217 8C020000 		.4byte	.LLST14
 717 021b 0A       		.uleb128 0xa
 718 021c 6B00     		.ascii	"k\000"
 719 021e 01       		.byte	0x1
 720 021f 5B       		.byte	0x5b
 721 0220 2C000000 		.4byte	0x2c
 722 0224 CC020000 		.4byte	.LLST15
 723 0228 0C       		.uleb128 0xc
 724 0229 7300     		.ascii	"s\000"
 725 022b 01       		.byte	0x1
ARM GAS  C:\Users\matij\AppData\Local\Temp\ccbBoM1p.s 			page 16


 726 022c 5B       		.byte	0x5b
 727 022d 72000000 		.4byte	0x72
 728 0231 02       		.uleb128 0x2
 729 0232 91       		.byte	0x91
 730 0233 5C       		.sleb128 -36
 731 0234 0E       		.uleb128 0xe
 732 0235 20000000 		.4byte	.LVL43
 733 0239 A6000000 		.4byte	0xa6
 734 023d 00       		.byte	0
 735 023e 04       		.uleb128 0x4
 736 023f 2C000000 		.4byte	0x2c
 737 0243 4E020000 		.4byte	0x24e
 738 0247 05       		.uleb128 0x5
 739 0248 82000000 		.4byte	0x82
 740 024c 40       		.byte	0x40
 741 024d 00       		.byte	0
 742 024e 0F       		.uleb128 0xf
 743 024f D0010000 		.4byte	.LASF22
 744 0253 01       		.byte	0x1
 745 0254 0E       		.byte	0xe
 746 0255 3E020000 		.4byte	0x23e
 747 0259 05       		.uleb128 0x5
 748 025a 03       		.byte	0x3
 749 025b 00000000 		.4byte	b64_chr
 750 025f 00       		.byte	0
 751              		.section	.debug_abbrev,"",%progbits
 752              	.Ldebug_abbrev0:
 753 0000 01       		.uleb128 0x1
 754 0001 11       		.uleb128 0x11
 755 0002 01       		.byte	0x1
 756 0003 25       		.uleb128 0x25
 757 0004 0E       		.uleb128 0xe
 758 0005 13       		.uleb128 0x13
 759 0006 0B       		.uleb128 0xb
 760 0007 03       		.uleb128 0x3
 761 0008 0E       		.uleb128 0xe
 762 0009 1B       		.uleb128 0x1b
 763 000a 0E       		.uleb128 0xe
 764 000b 55       		.uleb128 0x55
 765 000c 17       		.uleb128 0x17
 766 000d 11       		.uleb128 0x11
 767 000e 01       		.uleb128 0x1
 768 000f 10       		.uleb128 0x10
 769 0010 17       		.uleb128 0x17
 770 0011 00       		.byte	0
 771 0012 00       		.byte	0
 772 0013 02       		.uleb128 0x2
 773 0014 24       		.uleb128 0x24
 774 0015 00       		.byte	0
 775 0016 0B       		.uleb128 0xb
 776 0017 0B       		.uleb128 0xb
 777 0018 3E       		.uleb128 0x3e
 778 0019 0B       		.uleb128 0xb
 779 001a 03       		.uleb128 0x3
 780 001b 0E       		.uleb128 0xe
 781 001c 00       		.byte	0
 782 001d 00       		.byte	0
ARM GAS  C:\Users\matij\AppData\Local\Temp\ccbBoM1p.s 			page 17


 783 001e 03       		.uleb128 0x3
 784 001f 24       		.uleb128 0x24
 785 0020 00       		.byte	0
 786 0021 0B       		.uleb128 0xb
 787 0022 0B       		.uleb128 0xb
 788 0023 3E       		.uleb128 0x3e
 789 0024 0B       		.uleb128 0xb
 790 0025 03       		.uleb128 0x3
 791 0026 08       		.uleb128 0x8
 792 0027 00       		.byte	0
 793 0028 00       		.byte	0
 794 0029 04       		.uleb128 0x4
 795 002a 01       		.uleb128 0x1
 796 002b 01       		.byte	0x1
 797 002c 49       		.uleb128 0x49
 798 002d 13       		.uleb128 0x13
 799 002e 01       		.uleb128 0x1
 800 002f 13       		.uleb128 0x13
 801 0030 00       		.byte	0
 802 0031 00       		.byte	0
 803 0032 05       		.uleb128 0x5
 804 0033 21       		.uleb128 0x21
 805 0034 00       		.byte	0
 806 0035 49       		.uleb128 0x49
 807 0036 13       		.uleb128 0x13
 808 0037 2F       		.uleb128 0x2f
 809 0038 0B       		.uleb128 0xb
 810 0039 00       		.byte	0
 811 003a 00       		.byte	0
 812 003b 06       		.uleb128 0x6
 813 003c 0F       		.uleb128 0xf
 814 003d 00       		.byte	0
 815 003e 0B       		.uleb128 0xb
 816 003f 0B       		.uleb128 0xb
 817 0040 49       		.uleb128 0x49
 818 0041 13       		.uleb128 0x13
 819 0042 00       		.byte	0
 820 0043 00       		.byte	0
 821 0044 07       		.uleb128 0x7
 822 0045 2E       		.uleb128 0x2e
 823 0046 01       		.byte	0x1
 824 0047 3F       		.uleb128 0x3f
 825 0048 19       		.uleb128 0x19
 826 0049 03       		.uleb128 0x3
 827 004a 0E       		.uleb128 0xe
 828 004b 3A       		.uleb128 0x3a
 829 004c 0B       		.uleb128 0xb
 830 004d 3B       		.uleb128 0x3b
 831 004e 0B       		.uleb128 0xb
 832 004f 27       		.uleb128 0x27
 833 0050 19       		.uleb128 0x19
 834 0051 49       		.uleb128 0x49
 835 0052 13       		.uleb128 0x13
 836 0053 11       		.uleb128 0x11
 837 0054 01       		.uleb128 0x1
 838 0055 12       		.uleb128 0x12
 839 0056 06       		.uleb128 0x6
ARM GAS  C:\Users\matij\AppData\Local\Temp\ccbBoM1p.s 			page 18


 840 0057 40       		.uleb128 0x40
 841 0058 18       		.uleb128 0x18
 842 0059 9742     		.uleb128 0x2117
 843 005b 19       		.uleb128 0x19
 844 005c 01       		.uleb128 0x1
 845 005d 13       		.uleb128 0x13
 846 005e 00       		.byte	0
 847 005f 00       		.byte	0
 848 0060 08       		.uleb128 0x8
 849 0061 05       		.uleb128 0x5
 850 0062 00       		.byte	0
 851 0063 03       		.uleb128 0x3
 852 0064 08       		.uleb128 0x8
 853 0065 3A       		.uleb128 0x3a
 854 0066 0B       		.uleb128 0xb
 855 0067 3B       		.uleb128 0x3b
 856 0068 0B       		.uleb128 0xb
 857 0069 49       		.uleb128 0x49
 858 006a 13       		.uleb128 0x13
 859 006b 02       		.uleb128 0x2
 860 006c 17       		.uleb128 0x17
 861 006d 00       		.byte	0
 862 006e 00       		.byte	0
 863 006f 09       		.uleb128 0x9
 864 0070 05       		.uleb128 0x5
 865 0071 00       		.byte	0
 866 0072 03       		.uleb128 0x3
 867 0073 0E       		.uleb128 0xe
 868 0074 3A       		.uleb128 0x3a
 869 0075 0B       		.uleb128 0xb
 870 0076 3B       		.uleb128 0x3b
 871 0077 0B       		.uleb128 0xb
 872 0078 49       		.uleb128 0x49
 873 0079 13       		.uleb128 0x13
 874 007a 02       		.uleb128 0x2
 875 007b 17       		.uleb128 0x17
 876 007c 00       		.byte	0
 877 007d 00       		.byte	0
 878 007e 0A       		.uleb128 0xa
 879 007f 34       		.uleb128 0x34
 880 0080 00       		.byte	0
 881 0081 03       		.uleb128 0x3
 882 0082 08       		.uleb128 0x8
 883 0083 3A       		.uleb128 0x3a
 884 0084 0B       		.uleb128 0xb
 885 0085 3B       		.uleb128 0x3b
 886 0086 0B       		.uleb128 0xb
 887 0087 49       		.uleb128 0x49
 888 0088 13       		.uleb128 0x13
 889 0089 02       		.uleb128 0x2
 890 008a 17       		.uleb128 0x17
 891 008b 00       		.byte	0
 892 008c 00       		.byte	0
 893 008d 0B       		.uleb128 0xb
 894 008e 05       		.uleb128 0x5
 895 008f 00       		.byte	0
 896 0090 03       		.uleb128 0x3
ARM GAS  C:\Users\matij\AppData\Local\Temp\ccbBoM1p.s 			page 19


 897 0091 08       		.uleb128 0x8
 898 0092 3A       		.uleb128 0x3a
 899 0093 0B       		.uleb128 0xb
 900 0094 3B       		.uleb128 0x3b
 901 0095 0B       		.uleb128 0xb
 902 0096 49       		.uleb128 0x49
 903 0097 13       		.uleb128 0x13
 904 0098 02       		.uleb128 0x2
 905 0099 18       		.uleb128 0x18
 906 009a 00       		.byte	0
 907 009b 00       		.byte	0
 908 009c 0C       		.uleb128 0xc
 909 009d 34       		.uleb128 0x34
 910 009e 00       		.byte	0
 911 009f 03       		.uleb128 0x3
 912 00a0 08       		.uleb128 0x8
 913 00a1 3A       		.uleb128 0x3a
 914 00a2 0B       		.uleb128 0xb
 915 00a3 3B       		.uleb128 0x3b
 916 00a4 0B       		.uleb128 0xb
 917 00a5 49       		.uleb128 0x49
 918 00a6 13       		.uleb128 0x13
 919 00a7 02       		.uleb128 0x2
 920 00a8 18       		.uleb128 0x18
 921 00a9 00       		.byte	0
 922 00aa 00       		.byte	0
 923 00ab 0D       		.uleb128 0xd
 924 00ac 26       		.uleb128 0x26
 925 00ad 00       		.byte	0
 926 00ae 49       		.uleb128 0x49
 927 00af 13       		.uleb128 0x13
 928 00b0 00       		.byte	0
 929 00b1 00       		.byte	0
 930 00b2 0E       		.uleb128 0xe
 931 00b3 898201   		.uleb128 0x4109
 932 00b6 00       		.byte	0
 933 00b7 11       		.uleb128 0x11
 934 00b8 01       		.uleb128 0x1
 935 00b9 31       		.uleb128 0x31
 936 00ba 13       		.uleb128 0x13
 937 00bb 00       		.byte	0
 938 00bc 00       		.byte	0
 939 00bd 0F       		.uleb128 0xf
 940 00be 34       		.uleb128 0x34
 941 00bf 00       		.byte	0
 942 00c0 03       		.uleb128 0x3
 943 00c1 0E       		.uleb128 0xe
 944 00c2 3A       		.uleb128 0x3a
 945 00c3 0B       		.uleb128 0xb
 946 00c4 3B       		.uleb128 0x3b
 947 00c5 0B       		.uleb128 0xb
 948 00c6 49       		.uleb128 0x49
 949 00c7 13       		.uleb128 0x13
 950 00c8 3F       		.uleb128 0x3f
 951 00c9 19       		.uleb128 0x19
 952 00ca 02       		.uleb128 0x2
 953 00cb 18       		.uleb128 0x18
ARM GAS  C:\Users\matij\AppData\Local\Temp\ccbBoM1p.s 			page 20


 954 00cc 00       		.byte	0
 955 00cd 00       		.byte	0
 956 00ce 00       		.byte	0
 957              		.section	.debug_loc,"",%progbits
 958              	.Ldebug_loc0:
 959              	.LLST0:
 960 0000 00000000 		.4byte	.LVL0
 961 0004 1C000000 		.4byte	.LVL1
 962 0008 0100     		.2byte	0x1
 963 000a 50       		.byte	0x50
 964 000b 1C000000 		.4byte	.LVL1
 965 000f 1E000000 		.4byte	.LVL2
 966 0013 0400     		.2byte	0x4
 967 0015 F3       		.byte	0xf3
 968 0016 01       		.uleb128 0x1
 969 0017 50       		.byte	0x50
 970 0018 9F       		.byte	0x9f
 971 0019 1E000000 		.4byte	.LVL2
 972 001d 20000000 		.4byte	.LVL3
 973 0021 0100     		.2byte	0x1
 974 0023 50       		.byte	0x50
 975 0024 20000000 		.4byte	.LVL3
 976 0028 36000000 		.4byte	.LVL4
 977 002c 0400     		.2byte	0x4
 978 002e F3       		.byte	0xf3
 979 002f 01       		.uleb128 0x1
 980 0030 50       		.byte	0x50
 981 0031 9F       		.byte	0x9f
 982 0032 36000000 		.4byte	.LVL4
 983 0036 38000000 		.4byte	.LVL5
 984 003a 0100     		.2byte	0x1
 985 003c 50       		.byte	0x50
 986 003d 38000000 		.4byte	.LVL5
 987 0041 3A000000 		.4byte	.LVL6
 988 0045 0400     		.2byte	0x4
 989 0047 F3       		.byte	0xf3
 990 0048 01       		.uleb128 0x1
 991 0049 50       		.byte	0x50
 992 004a 9F       		.byte	0x9f
 993 004b 3A000000 		.4byte	.LVL6
 994 004f 3C000000 		.4byte	.LVL7
 995 0053 0100     		.2byte	0x1
 996 0055 50       		.byte	0x50
 997 0056 3C000000 		.4byte	.LVL7
 998 005a 3E000000 		.4byte	.LVL8
 999 005e 0400     		.2byte	0x4
 1000 0060 F3       		.byte	0xf3
 1001 0061 01       		.uleb128 0x1
 1002 0062 50       		.byte	0x50
 1003 0063 9F       		.byte	0x9f
 1004 0064 3E000000 		.4byte	.LVL8
 1005 0068 40000000 		.4byte	.LVL9
 1006 006c 0100     		.2byte	0x1
 1007 006e 50       		.byte	0x50
 1008 006f 40000000 		.4byte	.LVL9
 1009 0073 46000000 		.4byte	.LFE1
 1010 0077 0400     		.2byte	0x4
ARM GAS  C:\Users\matij\AppData\Local\Temp\ccbBoM1p.s 			page 21


 1011 0079 F3       		.byte	0xf3
 1012 007a 01       		.uleb128 0x1
 1013 007b 50       		.byte	0x50
 1014 007c 9F       		.byte	0x9f
 1015 007d 00000000 		.4byte	0
 1016 0081 00000000 		.4byte	0
 1017              	.LLST1:
 1018 0085 00000000 		.4byte	.LVL10
 1019 0089 24000000 		.4byte	.LVL15
 1020 008d 0100     		.2byte	0x1
 1021 008f 50       		.byte	0x50
 1022 0090 24000000 		.4byte	.LVL15
 1023 0094 2C000000 		.4byte	.LFE2
 1024 0098 0400     		.2byte	0x4
 1025 009a F3       		.byte	0xf3
 1026 009b 01       		.uleb128 0x1
 1027 009c 50       		.byte	0x50
 1028 009d 9F       		.byte	0x9f
 1029 009e 00000000 		.4byte	0
 1030 00a2 00000000 		.4byte	0
 1031              	.LLST2:
 1032 00a6 02000000 		.4byte	.LVL11
 1033 00aa 08000000 		.4byte	.LVL12
 1034 00ae 0200     		.2byte	0x2
 1035 00b0 30       		.byte	0x30
 1036 00b1 9F       		.byte	0x9f
 1037 00b2 08000000 		.4byte	.LVL12
 1038 00b6 2C000000 		.4byte	.LFE2
 1039 00ba 0100     		.2byte	0x1
 1040 00bc 52       		.byte	0x52
 1041 00bd 00000000 		.4byte	0
 1042 00c1 00000000 		.4byte	0
 1043              	.LLST3:
 1044 00c5 02000000 		.4byte	.LVL11
 1045 00c9 08000000 		.4byte	.LVL12
 1046 00cd 0200     		.2byte	0x2
 1047 00cf 30       		.byte	0x30
 1048 00d0 9F       		.byte	0x9f
 1049 00d1 08000000 		.4byte	.LVL12
 1050 00d5 2C000000 		.4byte	.LFE2
 1051 00d9 0100     		.2byte	0x1
 1052 00db 51       		.byte	0x51
 1053 00dc 00000000 		.4byte	0
 1054 00e0 00000000 		.4byte	0
 1055              	.LLST4:
 1056 00e4 00000000 		.4byte	.LVL16
 1057 00e8 04000000 		.4byte	.LVL17
 1058 00ec 0100     		.2byte	0x1
 1059 00ee 50       		.byte	0x50
 1060 00ef 04000000 		.4byte	.LVL17
 1061 00f3 08000000 		.4byte	.LFE3
 1062 00f7 0400     		.2byte	0x4
 1063 00f9 F3       		.byte	0xf3
 1064 00fa 01       		.uleb128 0x1
 1065 00fb 50       		.byte	0x50
 1066 00fc 9F       		.byte	0x9f
 1067 00fd 00000000 		.4byte	0
ARM GAS  C:\Users\matij\AppData\Local\Temp\ccbBoM1p.s 			page 22


 1068 0101 00000000 		.4byte	0
 1069              	.LLST5:
 1070 0105 00000000 		.4byte	.LVL18
 1071 0109 08000000 		.4byte	.LVL20
 1072 010d 0100     		.2byte	0x1
 1073 010f 50       		.byte	0x50
 1074 0110 08000000 		.4byte	.LVL20
 1075 0114 9E000000 		.4byte	.LVL33
 1076 0118 0100     		.2byte	0x1
 1077 011a 56       		.byte	0x56
 1078 011b 9E000000 		.4byte	.LVL33
 1079 011f D8000000 		.4byte	.LFE4
 1080 0123 0400     		.2byte	0x4
 1081 0125 F3       		.byte	0xf3
 1082 0126 01       		.uleb128 0x1
 1083 0127 50       		.byte	0x50
 1084 0128 9F       		.byte	0x9f
 1085 0129 00000000 		.4byte	0
 1086 012d 00000000 		.4byte	0
 1087              	.LLST6:
 1088 0131 00000000 		.4byte	.LVL18
 1089 0135 86000000 		.4byte	.LVL32
 1090 0139 0100     		.2byte	0x1
 1091 013b 51       		.byte	0x51
 1092 013c 86000000 		.4byte	.LVL32
 1093 0140 D8000000 		.4byte	.LFE4
 1094 0144 0400     		.2byte	0x4
 1095 0146 F3       		.byte	0xf3
 1096 0147 01       		.uleb128 0x1
 1097 0148 51       		.byte	0x51
 1098 0149 9F       		.byte	0x9f
 1099 014a 00000000 		.4byte	0
 1100 014e 00000000 		.4byte	0
 1101              	.LLST7:
 1102 0152 06000000 		.4byte	.LVL19
 1103 0156 0E000000 		.4byte	.LVL21
 1104 015a 0200     		.2byte	0x2
 1105 015c 30       		.byte	0x30
 1106 015d 9F       		.byte	0x9f
 1107 015e 0E000000 		.4byte	.LVL21
 1108 0162 70000000 		.4byte	.LVL28
 1109 0166 0100     		.2byte	0x1
 1110 0168 53       		.byte	0x53
 1111 0169 72000000 		.4byte	.LVL29
 1112 016d 80000000 		.4byte	.LVL31
 1113 0171 0100     		.2byte	0x1
 1114 0173 53       		.byte	0x53
 1115 0174 00000000 		.4byte	0
 1116 0178 00000000 		.4byte	0
 1117              	.LLST8:
 1118 017c 06000000 		.4byte	.LVL19
 1119 0180 0E000000 		.4byte	.LVL21
 1120 0184 0200     		.2byte	0x2
 1121 0186 30       		.byte	0x30
 1122 0187 9F       		.byte	0x9f
 1123 0188 0E000000 		.4byte	.LVL21
 1124 018c 12000000 		.4byte	.LVL22
ARM GAS  C:\Users\matij\AppData\Local\Temp\ccbBoM1p.s 			page 23


 1125 0190 0100     		.2byte	0x1
 1126 0192 54       		.byte	0x54
 1127 0193 12000000 		.4byte	.LVL22
 1128 0197 28000000 		.4byte	.LVL23
 1129 019b 0100     		.2byte	0x1
 1130 019d 55       		.byte	0x55
 1131 019e 68000000 		.4byte	.LVL24
 1132 01a2 6E000000 		.4byte	.LVL27
 1133 01a6 0200     		.2byte	0x2
 1134 01a8 30       		.byte	0x30
 1135 01a9 9F       		.byte	0x9f
 1136 01aa 6E000000 		.4byte	.LVL27
 1137 01ae 74000000 		.4byte	.LVL30
 1138 01b2 0100     		.2byte	0x1
 1139 01b4 55       		.byte	0x55
 1140 01b5 74000000 		.4byte	.LVL30
 1141 01b9 AC000000 		.4byte	.LVL34
 1142 01bd 0100     		.2byte	0x1
 1143 01bf 54       		.byte	0x54
 1144 01c0 BA000000 		.4byte	.LVL35
 1145 01c4 BE000000 		.4byte	.LVL36
 1146 01c8 0100     		.2byte	0x1
 1147 01ca 54       		.byte	0x54
 1148 01cb 00000000 		.4byte	0
 1149 01cf 00000000 		.4byte	0
 1150              	.LLST9:
 1151 01d3 06000000 		.4byte	.LVL19
 1152 01d7 0E000000 		.4byte	.LVL21
 1153 01db 0200     		.2byte	0x2
 1154 01dd 30       		.byte	0x30
 1155 01de 9F       		.byte	0x9f
 1156 01df 0E000000 		.4byte	.LVL21
 1157 01e3 6A000000 		.4byte	.LVL25
 1158 01e7 0100     		.2byte	0x1
 1159 01e9 50       		.byte	0x50
 1160 01ea 6C000000 		.4byte	.LVL26
 1161 01ee C8000000 		.4byte	.LVL37
 1162 01f2 0100     		.2byte	0x1
 1163 01f4 50       		.byte	0x50
 1164 01f5 CA000000 		.4byte	.LVL38
 1165 01f9 D8000000 		.4byte	.LFE4
 1166 01fd 0100     		.2byte	0x1
 1167 01ff 50       		.byte	0x50
 1168 0200 00000000 		.4byte	0
 1169 0204 00000000 		.4byte	0
 1170              	.LLST10:
 1171 0208 00000000 		.4byte	.LVL39
 1172 020c 14000000 		.4byte	.LVL41
 1173 0210 0100     		.2byte	0x1
 1174 0212 50       		.byte	0x50
 1175 0213 14000000 		.4byte	.LVL41
 1176 0217 92000000 		.4byte	.LFE5
 1177 021b 0100     		.2byte	0x1
 1178 021d 59       		.byte	0x59
 1179 021e 00000000 		.4byte	0
 1180 0222 00000000 		.4byte	0
 1181              	.LLST11:
ARM GAS  C:\Users\matij\AppData\Local\Temp\ccbBoM1p.s 			page 24


 1182 0226 00000000 		.4byte	.LVL39
 1183 022a 14000000 		.4byte	.LVL41
 1184 022e 0100     		.2byte	0x1
 1185 0230 51       		.byte	0x51
 1186 0231 14000000 		.4byte	.LVL41
 1187 0235 92000000 		.4byte	.LFE5
 1188 0239 0100     		.2byte	0x1
 1189 023b 58       		.byte	0x58
 1190 023c 00000000 		.4byte	0
 1191 0240 00000000 		.4byte	0
 1192              	.LLST12:
 1193 0244 00000000 		.4byte	.LVL39
 1194 0248 14000000 		.4byte	.LVL41
 1195 024c 0100     		.2byte	0x1
 1196 024e 52       		.byte	0x52
 1197 024f 14000000 		.4byte	.LVL41
 1198 0253 92000000 		.4byte	.LFE5
 1199 0257 0100     		.2byte	0x1
 1200 0259 5A       		.byte	0x5a
 1201 025a 00000000 		.4byte	0
 1202 025e 00000000 		.4byte	0
 1203              	.LLST13:
 1204 0262 0C000000 		.4byte	.LVL40
 1205 0266 14000000 		.4byte	.LVL41
 1206 026a 0200     		.2byte	0x2
 1207 026c 30       		.byte	0x30
 1208 026d 9F       		.byte	0x9f
 1209 026e 14000000 		.4byte	.LVL41
 1210 0272 82000000 		.4byte	.LVL52
 1211 0276 0100     		.2byte	0x1
 1212 0278 54       		.byte	0x54
 1213 0279 84000000 		.4byte	.LVL53
 1214 027d 92000000 		.4byte	.LFE5
 1215 0281 0100     		.2byte	0x1
 1216 0283 54       		.byte	0x54
 1217 0284 00000000 		.4byte	0
 1218 0288 00000000 		.4byte	0
 1219              	.LLST14:
 1220 028c 0C000000 		.4byte	.LVL40
 1221 0290 14000000 		.4byte	.LVL41
 1222 0294 0200     		.2byte	0x2
 1223 0296 30       		.byte	0x30
 1224 0297 9F       		.byte	0x9f
 1225 0298 14000000 		.4byte	.LVL41
 1226 029c 18000000 		.4byte	.LVL42
 1227 02a0 0100     		.2byte	0x1
 1228 02a2 56       		.byte	0x56
 1229 02a3 18000000 		.4byte	.LVL42
 1230 02a7 36000000 		.4byte	.LVL44
 1231 02ab 0100     		.2byte	0x1
 1232 02ad 55       		.byte	0x55
 1233 02ae 80000000 		.4byte	.LVL51
 1234 02b2 86000000 		.4byte	.LVL54
 1235 02b6 0100     		.2byte	0x1
 1236 02b8 55       		.byte	0x55
 1237 02b9 86000000 		.4byte	.LVL54
 1238 02bd 92000000 		.4byte	.LFE5
ARM GAS  C:\Users\matij\AppData\Local\Temp\ccbBoM1p.s 			page 25


 1239 02c1 0100     		.2byte	0x1
 1240 02c3 56       		.byte	0x56
 1241 02c4 00000000 		.4byte	0
 1242 02c8 00000000 		.4byte	0
 1243              	.LLST15:
 1244 02cc 0C000000 		.4byte	.LVL40
 1245 02d0 14000000 		.4byte	.LVL41
 1246 02d4 0200     		.2byte	0x2
 1247 02d6 30       		.byte	0x30
 1248 02d7 9F       		.byte	0x9f
 1249 02d8 14000000 		.4byte	.LVL41
 1250 02dc 6C000000 		.4byte	.LVL45
 1251 02e0 0100     		.2byte	0x1
 1252 02e2 57       		.byte	0x57
 1253 02e3 6E000000 		.4byte	.LVL46
 1254 02e7 74000000 		.4byte	.LVL47
 1255 02eb 0100     		.2byte	0x1
 1256 02ed 57       		.byte	0x57
 1257 02ee 76000000 		.4byte	.LVL48
 1258 02f2 7C000000 		.4byte	.LVL49
 1259 02f6 0100     		.2byte	0x1
 1260 02f8 57       		.byte	0x57
 1261 02f9 7E000000 		.4byte	.LVL50
 1262 02fd 92000000 		.4byte	.LFE5
 1263 0301 0100     		.2byte	0x1
 1264 0303 57       		.byte	0x57
 1265 0304 00000000 		.4byte	0
 1266 0308 00000000 		.4byte	0
 1267              		.section	.debug_aranges,"",%progbits
 1268 0000 3C000000 		.4byte	0x3c
 1269 0004 0200     		.2byte	0x2
 1270 0006 00000000 		.4byte	.Ldebug_info0
 1271 000a 04       		.byte	0x4
 1272 000b 00       		.byte	0
 1273 000c 0000     		.2byte	0
 1274 000e 0000     		.2byte	0
 1275 0010 00000000 		.4byte	.LFB1
 1276 0014 46000000 		.4byte	.LFE1-.LFB1
 1277 0018 00000000 		.4byte	.LFB2
 1278 001c 2C000000 		.4byte	.LFE2-.LFB2
 1279 0020 00000000 		.4byte	.LFB3
 1280 0024 08000000 		.4byte	.LFE3-.LFB3
 1281 0028 00000000 		.4byte	.LFB4
 1282 002c D8000000 		.4byte	.LFE4-.LFB4
 1283 0030 00000000 		.4byte	.LFB5
 1284 0034 92000000 		.4byte	.LFE5-.LFB5
 1285 0038 00000000 		.4byte	0
 1286 003c 00000000 		.4byte	0
 1287              		.section	.debug_ranges,"",%progbits
 1288              	.Ldebug_ranges0:
 1289 0000 00000000 		.4byte	.LFB1
 1290 0004 46000000 		.4byte	.LFE1
 1291 0008 00000000 		.4byte	.LFB2
 1292 000c 2C000000 		.4byte	.LFE2
 1293 0010 00000000 		.4byte	.LFB3
 1294 0014 08000000 		.4byte	.LFE3
 1295 0018 00000000 		.4byte	.LFB4
ARM GAS  C:\Users\matij\AppData\Local\Temp\ccbBoM1p.s 			page 26


 1296 001c D8000000 		.4byte	.LFE4
 1297 0020 00000000 		.4byte	.LFB5
 1298 0024 92000000 		.4byte	.LFE5
 1299 0028 00000000 		.4byte	0
 1300 002c 00000000 		.4byte	0
 1301              		.section	.debug_line,"",%progbits
 1302              	.Ldebug_line0:
 1303 0000 F7000000 		.section	.debug_str,"MS",%progbits,1
 1303      02003D00 
 1303      00000201 
 1303      FB0E0D00 
 1303      01010101 
 1304              	.LASF21:
 1305 0000 433A5C55 		.ascii	"C:\\Users\\matij\\source\\Workspaces\\Embedded\\PSo"
 1305      73657273 
 1305      5C6D6174 
 1305      696A5C73 
 1305      6F757263 
 1306 002d 435C4C69 		.ascii	"C\\Libraries\\Ontwikkeling\\BCom0.3.cydsn\000"
 1306      62726172 
 1306      6965735C 
 1306      4F6E7477 
 1306      696B6B65 
 1307              	.LASF16:
 1308 0054 6236345F 		.ascii	"b64_encode\000"
 1308      656E636F 
 1308      646500
 1309              	.LASF12:
 1310 005f 6236345F 		.ascii	"b64_int\000"
 1310      696E7400 
 1311              	.LASF13:
 1312 0067 62363465 		.ascii	"b64e_size\000"
 1312      5F73697A 
 1312      6500
 1313              	.LASF1:
 1314 0071 756E7369 		.ascii	"unsigned char\000"
 1314      676E6564 
 1314      20636861 
 1314      7200
 1315              	.LASF19:
 1316 007f 474E5520 		.ascii	"GNU C11 5.4.1 20160609 (release) [ARM/embedded-5-br"
 1316      43313120 
 1316      352E342E 
 1316      31203230 
 1316      31363036 
 1317 00b2 616E6368 		.ascii	"anch revision 237715] -mcpu=cortex-m3 -mthumb -g -O"
 1317      20726576 
 1317      6973696F 
 1317      6E203233 
 1317      37373135 
 1318 00e5 67202D66 		.ascii	"g -ffunction-sections -ffat-lto-objects\000"
 1318      66756E63 
 1318      74696F6E 
 1318      2D736563 
 1318      74696F6E 
 1319              	.LASF14:
 1320 010d 696E5F73 		.ascii	"in_size\000"
ARM GAS  C:\Users\matij\AppData\Local\Temp\ccbBoM1p.s 			page 27


 1320      697A6500 
 1321              	.LASF5:
 1322 0115 6C6F6E67 		.ascii	"long unsigned int\000"
 1322      20756E73 
 1322      69676E65 
 1322      6420696E 
 1322      7400
 1323              	.LASF17:
 1324 0127 696E5F6C 		.ascii	"in_len\000"
 1324      656E00
 1325              	.LASF3:
 1326 012e 73686F72 		.ascii	"short unsigned int\000"
 1326      7420756E 
 1326      7369676E 
 1326      65642069 
 1326      6E7400
 1327              	.LASF20:
 1328 0141 47656E65 		.ascii	"Generated_Source\\PSoC5\\BCom_1_base64.c\000"
 1328      72617465 
 1328      645F536F 
 1328      75726365 
 1328      5C50536F 
 1329              	.LASF8:
 1330 0168 756E7369 		.ascii	"unsigned int\000"
 1330      676E6564 
 1330      20696E74 
 1330      00
 1331              	.LASF7:
 1332 0175 6C6F6E67 		.ascii	"long long unsigned int\000"
 1332      206C6F6E 
 1332      6720756E 
 1332      7369676E 
 1332      65642069 
 1333              	.LASF10:
 1334 018c 73697A65 		.ascii	"sizetype\000"
 1334      74797065 
 1334      00
 1335              	.LASF18:
 1336 0195 6236345F 		.ascii	"b64_decode\000"
 1336      6465636F 
 1336      646500
 1337              	.LASF6:
 1338 01a0 6C6F6E67 		.ascii	"long long int\000"
 1338      206C6F6E 
 1338      6720696E 
 1338      7400
 1339              	.LASF11:
 1340 01ae 63686172 		.ascii	"char\000"
 1340      00
 1341              	.LASF2:
 1342 01b3 73686F72 		.ascii	"short int\000"
 1342      7420696E 
 1342      7400
 1343              	.LASF15:
 1344 01bd 62363464 		.ascii	"b64d_size\000"
 1344      5F73697A 
 1344      6500
ARM GAS  C:\Users\matij\AppData\Local\Temp\ccbBoM1p.s 			page 28


 1345              	.LASF4:
 1346 01c7 6C6F6E67 		.ascii	"long int\000"
 1346      20696E74 
 1346      00
 1347              	.LASF22:
 1348 01d0 6236345F 		.ascii	"b64_chr\000"
 1348      63687200 
 1349              	.LASF9:
 1350 01d8 6C6F6E67 		.ascii	"long double\000"
 1350      20646F75 
 1350      626C6500 
 1351              	.LASF0:
 1352 01e4 7369676E 		.ascii	"signed char\000"
 1352      65642063 
 1352      68617200 
 1353              		.ident	"GCC: (GNU Tools for ARM Embedded Processors) 5.4.1 20160609 (release) [ARM/embedded-5-bran
